TN:
SF:D:\react-wheel\lib\button.tsx
FN:3,Button
FNF:1
FNH:1
FNDA:1,Button
DA:1,1
DA:4,1
DA:9,1
LF:3
LH:3
BRF:0
BRH:0
end_of_record
TN:
SF:D:\react-wheel\lib\index.tsx
FN:5,(anonymous_0)
FN:13,(anonymous_1)
FN:14,(anonymous_2)
FNF:3
FNH:0
FNDA:0,(anonymous_0)
FNDA:0,(anonymous_1)
FNDA:0,(anonymous_2)
DA:1,0
DA:2,0
DA:3,0
DA:5,0
DA:6,0
DA:9,0
DA:13,0
DA:14,0
LF:8
LH:0
BRF:0
BRH:0
end_of_record
TN:
SF:D:\react-wheel\lib\helpers\classes.tsx
FN:1,classes
FNF:1
FNH:1
FNDA:8,classes
DA:1,32
DA:2,8
DA:5,2
LF:3
LH:3
BRF:0
BRH:0
end_of_record
TN:
SF:D:\react-wheel\lib\icon\icon.tsx
FN:11,(anonymous_0)
FNF:1
FNH:1
FNDA:2,(anonymous_0)
DA:1,1
DA:2,1
DA:3,1
DA:4,1
DA:11,2
DA:12,2
DA:19,1
LF:7
LH:7
BRF:0
BRH:0
end_of_record
TN:
SF:D:\react-wheel\lib\types\custom.d.ts
FNF:0
FNH:0
LF:0
LH:0
BRF:0
BRH:0
end_of_record
